<?xml version="1.0" encoding="utf-8"?><testsuites name="pytest tests"><testsuite name="pytest" errors="0" failures="0" skipped="0" tests="19" time="1.835" timestamp="2026-04-24T07:14:44.973748+00:00" hostname="agent-env-37f896b5-5f2e-4cbc-acbf-5d720e14ceb4"><testcase classname="tests.test_pjours_api.TestPublicEndpoints" name="test_root" time="0.189" /><testcase classname="tests.test_pjours_api.TestPublicEndpoints" name="test_menu_returns_175_items" time="0.050" /><testcase classname="tests.test_pjours_api.TestPublicEndpoints" name="test_juice_items_have_sml_sizes" time="0.052" /><testcase classname="tests.test_pjours_api.TestPublicEndpoints" name="test_size_categories_all_have_sizes" time="0.049" /><testcase classname="tests.test_pjours_api.TestPublicEndpoints" name="test_no_size_categories_empty_sizes" time="0.049" /><testcase classname="tests.test_pjours_api.TestPublicEndpoints" name="test_outlets" time="0.049" /><testcase classname="tests.test_pjours_api.TestPublicEndpoints" name="test_popular_limit" time="0.064" /><testcase classname="tests.test_pjours_api.TestPublicEndpoints" name="test_categories" time="0.043" /><testcase classname="tests.test_pjours_api.TestAdminAuth" name="test_login_wrong_password" time="0.047" /><testcase classname="tests.test_pjours_api.TestAdminAuth" name="test_login_right_password" time="0.043" /><testcase classname="tests.test_pjours_api.TestAdminAuth" name="test_me_without_token" time="0.048" /><testcase classname="tests.test_pjours_api.TestAdminAuth" name="test_me_with_token" time="0.041" /><testcase classname="tests.test_pjours_api.TestAdminAuth" name="test_admin_put_unauth" time="0.045" /><testcase classname="tests.test_pjours_api.TestMenuCRUD" name="test_create_update_delete" time="0.288" /><testcase classname="tests.test_pjours_api.TestMenuCRUD" name="test_update_nonexistent_returns_404" time="0.048" /><testcase classname="tests.test_pjours_api.TestOutletUpdate" name="test_update_outlet_hours" time="0.177" /><testcase classname="tests.test_pjours_api.TestUpload" name="test_upload_png_and_serve" time="0.379" /><testcase classname="tests.test_pjours_api.TestUpload" name="test_upload_txt_rejected" time="0.043" /><testcase classname="tests.test_pjours_api.TestUpload" name="test_upload_unauthenticated" time="0.043" /></testsuite></testsuites>